<?xml version="1.0" encoding="UTF-8"?>
<!-- Generated by org.testng.reporters.JUnitReportReporter -->
<testsuite hostname="ABHISHEK" failures="0" tests="2" name="pac1.ContactTest" time="0.006" errors="0" timestamp="2024-09-03T10:37:37 IST" skipped="0">
  <testcase classname="pac1.ContactTest" name="createContactTest" time="0.006"/>
  <testcase classname="pac1.ContactTest" name="modifyContact" time="0.000"/>
</testsuite> <!-- pac1.ContactTest -->
